<?xml version="1.0" encoding="UTF-8"?>
<!-- Generated by org.testng.reporters.JUnitReportReporter -->
<testsuite hostname="DESKTOP-J8D7885" name="basics.HackerearthExam" tests="1" failures="0" timestamp="9 May 2020 14:20:23 GMT" time="0.016" errors="0">
  <testcase name="test" time="0.016" classname="basics.HackerearthExam"/>
</testsuite> <!-- basics.HackerearthExam -->
